# JRE version: Java(TM) SE Runtime Environment (7.0_80-b15) (build 1.7.0_80-b15)
# Java VM: Java HotSpot(TM) 64-Bit Server VM (24.80-b11 mixed mode windows-amd64 compressed oops)
Heap
 PSYoungGen      total 144384K, used 72008K [0x00000007d5b00000, 0x00000007e7b00000, 0x0000000800000000)
  eden space 132096K, 45% used [0x00000007d5b00000,0x00000007d9555370,0x00000007ddc00000)
  from space 12288K, 99% used [0x00000007ddc00000,0x00000007de7fcf08,0x00000007de800000)
  to   space 15360K, 0% used [0x00000007e6c00000,0x00000007e6c00000,0x00000007e7b00000)
 ParOldGen       total 86528K, used 21892K [0x0000000781200000, 0x0000000786680000, 0x00000007d5b00000)
  object space 86528K, 25% used [0x0000000781200000,0x00000007827613d0,0x0000000786680000)
 PSPermGen       total 35840K, used 35574K [0x000000077c000000, 0x000000077e300000, 0x0000000781200000)
  object space 35840K, 99% used [0x000000077c000000,0x000000077e2bdb30,0x000000077e300000)
GC Heap History (10 events):
Event: 1.117 GC heap before
{Heap before GC invocations=3 (full 0):
 PSYoungGen      total 38400K, used 38391K [0x00000007d5b00000, 0x00000007da600000, 0x0000000800000000)
  eden space 33280K, 100% used [0x00000007d5b00000,0x00000007d7b80000,0x00000007d7b80000)
  from space 5120K, 99% used [0x00000007d8080000,0x00000007d857df70,0x00000007d8580000)
  to   space 5120K, 0% used [0x00000007d7b80000,0x00000007d7b80000,0x00000007d8080000)
 ParOldGen       total 86528K, used 6660K [0x0000000781200000, 0x0000000786680000, 0x00000007d5b00000)
  object space 86528K, 7% used [0x0000000781200000,0x0000000781881188,0x0000000786680000)
 PSPermGen       total 21504K, used 18472K [0x000000077c000000, 0x000000077d500000, 0x0000000781200000)
  object space 21504K, 85% used [0x000000077c000000,0x000000077d20a058,0x000000077d500000)
Event: 1.125 GC heap after
Heap after GC invocations=3 (full 0):
 PSYoungGen      total 38400K, used 5110K [0x00000007d5b00000, 0x00000007da600000, 0x0000000800000000)
  eden space 33280K, 0% used [0x00000007d5b00000,0x00000007d5b00000,0x00000007d7b80000)
  from space 5120K, 99% used [0x00000007d7b80000,0x00000007d807d800,0x00000007d8080000)
  to   space 5120K, 0% used [0x00000007da100000,0x00000007da100000,0x00000007da600000)
 ParOldGen       total 86528K, used 10381K [0x0000000781200000, 0x0000000786680000, 0x00000007d5b00000)
  object space 86528K, 11% used [0x0000000781200000,0x0000000781c237f8,0x0000000786680000)
 PSPermGen       total 21504K, used 18472K [0x000000077c000000, 0x000000077d500000, 0x0000000781200000)
  object space 21504K, 85% used [0x000000077c000000,0x000000077d20a058,0x000000077d500000)
}
Event: 1.429 GC heap before
{Heap before GC invocations=4 (full 0):
 PSYoungGen      total 38400K, used 38390K [0x00000007d5b00000, 0x00000007da600000, 0x0000000800000000)
  eden space 33280K, 100% used [0x00000007d5b00000,0x00000007d7b80000,0x00000007d7b80000)
  from space 5120K, 99% used [0x00000007d7b80000,0x00000007d807d800,0x00000007d8080000)
  to   space 5120K, 0% used [0x00000007da100000,0x00000007da100000,0x00000007da600000)
 ParOldGen       total 86528K, used 10381K [0x0000000781200000, 0x0000000786680000, 0x00000007d5b00000)
  object space 86528K, 11% used [0x0000000781200000,0x0000000781c237f8,0x0000000786680000)
 PSPermGen       total 21504K, used 19477K [0x000000077c000000, 0x000000077d500000, 0x0000000781200000)
  object space 21504K, 90% used [0x000000077c000000,0x000000077d305728,0x000000077d500000)
Event: 1.439 GC heap after
Heap after GC invocations=4 (full 0):
 PSYoungGen      total 71680K, used 5108K [0x00000007d5b00000, 0x00000007da600000, 0x0000000800000000)
  eden space 66560K, 0% used [0x00000007d5b00000,0x00000007d5b00000,0x00000007d9c00000)
  from space 5120K, 99% used [0x00000007da100000,0x00000007da5fd050,0x00000007da600000)
  to   space 5120K, 0% used [0x00000007d9c00000,0x00000007d9c00000,0x00000007da100000)
 ParOldGen       total 86528K, used 12684K [0x0000000781200000, 0x0000000786680000, 0x00000007d5b00000)
  object space 86528K, 14% used [0x0000000781200000,0x0000000781e633c8,0x0000000786680000)
 PSPermGen       total 21504K, used 19477K [0x000000077c000000, 0x000000077d500000, 0x0000000781200000)
  object space 21504K, 90% used [0x000000077c000000,0x000000077d305728,0x000000077d500000)
}
Event: 2.136 GC heap before
{Heap before GC invocations=5 (full 0):
 PSYoungGen      total 71680K, used 71668K [0x00000007d5b00000, 0x00000007da600000, 0x0000000800000000)
  eden space 66560K, 100% used [0x00000007d5b00000,0x00000007d9c00000,0x00000007d9c00000)
  from space 5120K, 99% used [0x00000007da100000,0x00000007da5fd050,0x00000007da600000)
  to   space 5120K, 0% used [0x00000007d9c00000,0x00000007d9c00000,0x00000007da100000)
 ParOldGen       total 86528K, used 12684K [0x0000000781200000, 0x0000000786680000, 0x00000007d5b00000)
  object space 86528K, 14% used [0x0000000781200000,0x0000000781e633c8,0x0000000786680000)
 PSPermGen       total 23552K, used 23515K [0x000000077c000000, 0x000000077d700000, 0x0000000781200000)
  object space 23552K, 99% used [0x000000077c000000,0x000000077d6f6e58,0x000000077d700000)
Event: 2.147 GC heap after
Heap after GC invocations=5 (full 0):
 PSYoungGen      total 71680K, used 5112K [0x00000007d5b00000, 0x00000007df300000, 0x0000000800000000)
  eden space 66560K, 0% used [0x00000007d5b00000,0x00000007d5b00000,0x00000007d9c00000)
  from space 5120K, 99% used [0x00000007d9c00000,0x00000007da0fe010,0x00000007da100000)
  to   space 11264K, 0% used [0x00000007de800000,0x00000007de800000,0x00000007df300000)
 ParOldGen       total 86528K, used 18116K [0x0000000781200000, 0x0000000786680000, 0x00000007d5b00000)
  object space 86528K, 20% used [0x0000000781200000,0x00000007823b1130,0x0000000786680000)
 PSPermGen       total 23552K, used 23515K [0x000000077c000000, 0x000000077d700000, 0x0000000781200000)
  object space 23552K, 99% used [0x000000077c000000,0x000000077d6f6e58,0x000000077d700000)
}
Event: 2.824 GC heap before
{Heap before GC invocations=6 (full 0):
 PSYoungGen      total 71680K, used 71672K [0x00000007d5b00000, 0x00000007df300000, 0x0000000800000000)
  eden space 66560K, 100% used [0x00000007d5b00000,0x00000007d9c00000,0x00000007d9c00000)
  from space 5120K, 99% used [0x00000007d9c00000,0x00000007da0fe010,0x00000007da100000)
  to   space 11264K, 0% used [0x00000007de800000,0x00000007de800000,0x00000007df300000)
 ParOldGen       total 86528K, used 18116K [0x0000000781200000, 0x0000000786680000, 0x00000007d5b00000)
  object space 86528K, 20% used [0x0000000781200000,0x00000007823b1130,0x0000000786680000)
 PSPermGen       total 27648K, used 27593K [0x000000077c000000, 0x000000077db00000, 0x0000000781200000)
  object space 27648K, 99% used [0x000000077c000000,0x000000077daf2438,0x000000077db00000)
Event: 2.836 GC heap after
Heap after GC invocations=6 (full 0):
 PSYoungGen      total 143360K, used 11100K [0x00000007d5b00000, 0x00000007df500000, 0x0000000800000000)
  eden space 132096K, 0% used [0x00000007d5b00000,0x00000007d5b00000,0x00000007ddc00000)
  from space 11264K, 98% used [0x00000007de800000,0x00000007df2d73f8,0x00000007df300000)
  to   space 12288K, 0% used [0x00000007ddc00000,0x00000007ddc00000,0x00000007de800000)
 ParOldGen       total 86528K, used 18116K [0x0000000781200000, 0x0000000786680000, 0x00000007d5b00000)
  object space 86528K, 20% used [0x0000000781200000,0x00000007823b1130,0x0000000786680000)
 PSPermGen       total 27648K, used 27593K [0x000000077c000000, 0x000000077db00000, 0x0000000781200000)
  object space 27648K, 99% used [0x000000077c000000,0x000000077daf2438,0x000000077db00000)
}
Event: 3.889 GC heap before
{Heap before GC invocations=7 (full 0):
 PSYoungGen      total 143360K, used 143196K [0x00000007d5b00000, 0x00000007df500000, 0x0000000800000000)
  eden space 132096K, 100% used [0x00000007d5b00000,0x00000007ddc00000,0x00000007ddc00000)
  from space 11264K, 98% used [0x00000007de800000,0x00000007df2d73f8,0x00000007df300000)
  to   space 12288K, 0% used [0x00000007ddc00000,0x00000007ddc00000,0x00000007de800000)
 ParOldGen       total 86528K, used 18116K [0x0000000781200000, 0x0000000786680000, 0x00000007d5b00000)
  object space 86528K, 20% used [0x0000000781200000,0x00000007823b1130,0x0000000786680000)
 PSPermGen       total 33280K, used 32927K [0x000000077c000000, 0x000000077e080000, 0x0000000781200000)
  object space 33280K, 98% used [0x000000077c000000,0x000000077e027eb0,0x000000077e080000)
Event: 3.915 GC heap after
Heap after GC invocations=7 (full 0):
 PSYoungGen      total 144384K, used 12275K [0x00000007d5b00000, 0x00000007e7b00000, 0x0000000800000000)
  eden space 132096K, 0% used [0x00000007d5b00000,0x00000007d5b00000,0x00000007ddc00000)
  from space 12288K, 99% used [0x00000007ddc00000,0x00000007de7fcf08,0x00000007de800000)
  to   space 15360K, 0% used [0x00000007e6c00000,0x00000007e6c00000,0x00000007e7b00000)
 ParOldGen       total 86528K, used 21892K [0x0000000781200000, 0x0000000786680000, 0x00000007d5b00000)
  object space 86528K, 25% used [0x0000000781200000,0x00000007827613d0,0x0000000786680000)
 PSPermGen       total 33280K, used 32927K [0x000000077c000000, 0x000000077e080000, 0x0000000781200000)
  object space 33280K, 98% used [0x000000077c000000,0x000000077e027eb0,0x000000077e080000)
}

